// 同步 ID: 49823ba4 @ Wed Jul  8 10:01:24 UTC 2026
// 重构日志: a6295fdb
// 同步 ID: bdf2ecb3 @ Thu Jul  9 05:50:37 UTC 2026
// 同步 ID: 0361b877 @ Fri Jul 10 00:11:39 UTC 2026
// 同步 ID: a6cdd34d @ Fri Jul 10 04:37:37 UTC 2026
// 同步 ID: 22bb40f5 @ Fri Jul 10 17:36:49 UTC 2026
// 重构日志: 41193e09
// 重构日志: 2bddc20c
// 同步 ID: ca1691e1 @ Sat Jul 11 18:07:31 UTC 2026
// 同步 ID: e9c73356 @ Sun Jul 12 01:05:39 UTC 2026
// 同步 ID: b28c2ee7 @ Sun Jul 12 22:39:06 UTC 2026
// 重构日志: ec76e32c
// 重构日志: 94e0bf47
// 同步 ID: 761591d9 @ Mon Jul 13 15:49:54 UTC 2026
// 重构日志: e7735e49
// 重构日志: 394a26b8
// 同步 ID: 9431e629 @ Tue Jul 14 14:58:29 UTC 2026
// 重构日志: e706d6f1
// 同步 ID: cbba59b7 @ Fri Jul 17 06:56:31 UTC 2026
// 重构日志: b9c23daa
// 同步 ID: 687eb928 @ Fri Jul 17 14:28:23 UTC 2026
// 重构日志: e92369d9
// 同步 ID: 96b90a72 @ Sun Jul 19 19:45:38 UTC 2026
// 重构日志: d4a78670
// 重构日志: a992fea9
// 重构日志: 033d94ae
// 同步 ID: 8ae0a20a @ Tue Jul 21 17:13:38 UTC 2026
// 重构日志: 9f1aaffc
// 同步 ID: f2467313 @ Wed Jul 22 22:43:01 UTC 2026
// 同步 ID: 804a0646 @ Fri Jul 24 07:03:02 UTC 2026
